<?xml version="1.0" encoding="utf-8"?><testsuites name="pytest tests"><testsuite name="pytest" errors="0" failures="0" skipped="0" tests="16" time="5.910" timestamp="2026-01-21T16:18:48.225006+00:00" hostname="agent-env-3d87cb9f-b2ba-403b-9eac-88381356e9ed"><testcase classname="tests.test_auto_assign.TestBasicEndpoints" name="test_get_houses" time="0.075" /><testcase classname="tests.test_auto_assign.TestBasicEndpoints" name="test_get_staff" time="0.039" /><testcase classname="tests.test_auto_assign.TestBasicEndpoints" name="test_get_coverage" time="0.045" /><testcase classname="tests.test_auto_assign.TestBasicEndpoints" name="test_get_absences" time="0.042" /><testcase classname="tests.test_auto_assign.TestAutoAssignEndpoint" name="test_auto_assign_returns_200" time="1.149" /><testcase classname="tests.test_auto_assign.TestAutoAssignEndpoint" name="test_auto_assign_invalid_house" time="0.040" /><testcase classname="tests.test_auto_assign.TestDoubleBookingPrevention" name="test_no_double_booking_after_auto_assign" time="0.045" /><testcase classname="tests.test_auto_assign.TestDoubleBookingPrevention" name="test_auto_assign_prevents_new_double_booking" time="0.749" /><testcase classname="tests.test_auto_assign.TestHourLimits" name="test_staff_hours_endpoint" time="0.070" /><testcase classname="tests.test_auto_assign.TestHourLimits" name="test_no_staff_over_monthly_limit" time="1.414" /><testcase classname="tests.test_auto_assign.TestAbsenceRespect" name="test_create_absence_and_verify_not_assigned" time="0.119" /><testcase classname="tests.test_auto_assign.TestPriorityHierarchy" name="test_staff_types_exist" time="0.037" /><testcase classname="tests.test_auto_assign.TestPriorityHierarchy" name="test_encargada_assigned_to_fixed_house" time="0.080" /><testcase classname="tests.test_auto_assign.TestAutoAssignMultipleHouses" name="test_sequential_auto_assign_no_conflicts" time="1.719" /><testcase classname="tests.test_auto_assign.TestCoverageGaps" name="test_get_coverage_gaps" time="0.036" /><testcase classname="tests.test_auto_assign.TestMonthlyStats" name="test_get_monthly_stats" time="0.075" /></testsuite></testsuites>