<?xml version="1.0" encoding="utf-8"?><testsuites name="pytest tests"><testsuite name="pytest" errors="0" failures="0" skipped="0" tests="10" time="5.842" timestamp="2026-01-22T15:02:57.709646+00:00" hostname="agent-env-ecc21028-b2fd-482f-8f28-77dde1166931"><testcase classname="backend.tests.test_randomize_and_generate.TestRandomizePosition" name="test_randomize_assistant_returns_different_people" time="1.375" /><testcase classname="backend.tests.test_randomize_and_generate.TestRandomizePosition" name="test_randomize_caregiver_returns_different_people" time="1.438" /><testcase classname="backend.tests.test_randomize_and_generate.TestRandomizePosition" name="test_randomize_invalid_position_returns_400" time="0.081" /><testcase classname="backend.tests.test_randomize_and_generate.TestGenerateCoverage" name="test_generate_coverage_creates_entries_for_all_houses" time="1.904" /><testcase classname="backend.tests.test_randomize_and_generate.TestGenerateCoverage" name="test_generate_coverage_for_specific_house" time="0.423" /><testcase classname="backend.tests.test_randomize_and_generate.TestGenerateCoverage" name="test_generate_coverage_idempotent" time="0.420" /><testcase classname="backend.tests.test_randomize_and_generate.TestStaffAvailability" name="test_assistants_exist_in_database" time="0.038" /><testcase classname="backend.tests.test_randomize_and_generate.TestStaffAvailability" name="test_caregivers_exist_in_database" time="0.042" /><testcase classname="backend.tests.test_randomize_and_generate.TestHousesData" name="test_houses_exist" time="0.036" /><testcase classname="backend.tests.test_randomize_and_generate.TestHousesData" name="test_casa_union_exists" time="0.034" /></testsuite></testsuites>