<?xml version="1.0" encoding="utf-8"?><testsuites name="pytest tests"><testsuite name="pytest" errors="0" failures="0" skipped="0" tests="26" time="75.795" timestamp="2026-01-22T13:19:25.753158+00:00" hostname="agent-env-3d87cb9f-b2ba-403b-9eac-88381356e9ed"><testcase classname="tests.test_auto_assign.TestBasicEndpoints" name="test_get_houses" time="0.050" /><testcase classname="tests.test_auto_assign.TestBasicEndpoints" name="test_get_staff" time="0.038" /><testcase classname="tests.test_auto_assign.TestBasicEndpoints" name="test_get_coverage" time="0.043" /><testcase classname="tests.test_auto_assign.TestBasicEndpoints" name="test_get_absences" time="0.035" /><testcase classname="tests.test_auto_assign.TestAutoAssignEndpoint" name="test_auto_assign_returns_200" time="0.041" /><testcase classname="tests.test_auto_assign.TestAutoAssignEndpoint" name="test_auto_assign_invalid_house" time="0.036" /><testcase classname="tests.test_auto_assign.TestDoubleBookingPrevention" name="test_no_double_booking_after_auto_assign" time="0.042" /><testcase classname="tests.test_auto_assign.TestDoubleBookingPrevention" name="test_auto_assign_prevents_new_double_booking" time="0.140" /><testcase classname="tests.test_auto_assign.TestHourLimits" name="test_staff_hours_endpoint" time="0.072" /><testcase classname="tests.test_auto_assign.TestHourLimits" name="test_no_staff_over_monthly_limit" time="73.081" /><testcase classname="tests.test_auto_assign.TestAbsenceRespect" name="test_create_absence_and_verify_not_assigned" time="0.116" /><testcase classname="tests.test_auto_assign.TestPriorityHierarchy" name="test_staff_types_exist" time="0.038" /><testcase classname="tests.test_auto_assign.TestPriorityHierarchy" name="test_encargada_assigned_to_fixed_house" time="0.084" /><testcase classname="tests.test_auto_assign.TestAutoAssignMultipleHouses" name="test_sequential_auto_assign_no_conflicts" time="0.165" /><testcase classname="tests.test_auto_assign.TestCoverageGaps" name="test_get_coverage_gaps" time="0.033" /><testcase classname="tests.test_auto_assign.TestMonthlyStats" name="test_get_monthly_stats" time="0.040" /><testcase classname="tests.test_reset_endpoints.TestResetEndpoints" name="test_reset_house_coverage" time="0.076" /><testcase classname="tests.test_reset_endpoints.TestResetEndpoints" name="test_reset_house_invalid_house" time="0.034" /><testcase classname="tests.test_reset_endpoints.TestResetEndpoints" name="test_reset_all_coverage" time="0.038" /><testcase classname="tests.test_reset_endpoints.TestStaffManagement" name="test_get_staff_list" time="0.036" /><testcase classname="tests.test_reset_endpoints.TestStaffManagement" name="test_create_staff_with_new_type" time="0.069" /><testcase classname="tests.test_reset_endpoints.TestStaffManagement" name="test_create_staff_with_educadora_subtype" time="0.069" /><testcase classname="tests.test_reset_endpoints.TestStaffManagement" name="test_delete_staff" time="0.104" /><testcase classname="tests.test_reset_endpoints.TestStaffManagement" name="test_delete_staff_not_found" time="0.035" /><testcase classname="tests.test_reset_endpoints.TestAutoAssignWithReset" name="test_reset_then_auto_assign" time="1.157" /><testcase classname="tests.test_reset_endpoints.TestPriorityNoneHandling" name="test_auto_assign_with_null_priority_staff" time="0.067" /></testsuite></testsuites>